# JRE version: Java(TM) SE Runtime Environment (12.0+33) (build 12+33)
# Java VM: Java HotSpot(TM) 64-Bit Server VM (12+33, mixed mode, sharing, tiered, compressed oops, g1 gc, windows-amd64)
Heap:
 garbage-first heap   total 61440K, used 43236K [0x0000000090e00000, 0x0000000100000000)
  region size 1024K, 14 young (14336K), 2 survivors (2048K)
 Metaspace       used 56316K, capacity 57835K, committed 58032K, reserved 1099776K
  class space    used 7286K, capacity 7854K, committed 7856K, reserved 1048576K
GC Heap History (10 events):
Event: 24.472 GC heap before
{Heap before GC invocations=38 (full 0):
 garbage-first heap   total 51200K, used 40558K [0x0000000090e00000, 0x0000000100000000)
  region size 1024K, 14 young (14336K), 2 survivors (2048K)
 Metaspace       used 49213K, capacity 50547K, committed 50864K, reserved 1093632K
  class space    used 6461K, capacity 6980K, committed 7088K, reserved 1048576K
}
Event: 24.476 GC heap after
{Heap after GC invocations=39 (full 0):
 garbage-first heap   total 51200K, used 29603K [0x0000000090e00000, 0x0000000100000000)
  region size 1024K, 2 young (2048K), 2 survivors (2048K)
 Metaspace       used 49213K, capacity 50547K, committed 50864K, reserved 1093632K
  class space    used 6461K, capacity 6980K, committed 7088K, reserved 1048576K
}
Event: 24.786 GC heap before
{Heap before GC invocations=40 (full 0):
 garbage-first heap   total 55296K, used 40867K [0x0000000090e00000, 0x0000000100000000)
  region size 1024K, 13 young (13312K), 2 survivors (2048K)
 Metaspace       used 50458K, capacity 51807K, committed 52016K, reserved 1093632K
  class space    used 6609K, capacity 7122K, committed 7216K, reserved 1048576K
}
Event: 24.790 GC heap after
{Heap after GC invocations=41 (full 0):
 garbage-first heap   total 55296K, used 31082K [0x0000000090e00000, 0x0000000100000000)
  region size 1024K, 2 young (2048K), 2 survivors (2048K)
 Metaspace       used 50458K, capacity 51807K, committed 52016K, reserved 1093632K
  class space    used 6609K, capacity 7122K, committed 7216K, reserved 1048576K
}
Event: 25.987 GC heap before
{Heap before GC invocations=41 (full 0):
 garbage-first heap   total 55296K, used 42346K [0x0000000090e00000, 0x0000000100000000)
  region size 1024K, 13 young (13312K), 2 survivors (2048K)
 Metaspace       used 50969K, capacity 52369K, committed 52528K, reserved 1095680K
  class space    used 6668K, capacity 7200K, committed 7216K, reserved 1048576K
}
Event: 25.991 GC heap after
{Heap after GC invocations=42 (full 0):
 garbage-first heap   total 55296K, used 31864K [0x0000000090e00000, 0x0000000100000000)
  region size 1024K, 1 young (1024K), 1 survivors (1024K)
 Metaspace       used 50969K, capacity 52369K, committed 52528K, reserved 1095680K
  class space    used 6668K, capacity 7200K, committed 7216K, reserved 1048576K
}
Event: 31.230 GC heap before
{Heap before GC invocations=43 (full 0):
 garbage-first heap   total 58368K, used 42104K [0x0000000090e00000, 0x0000000100000000)
  region size 1024K, 12 young (12288K), 1 survivors (1024K)
 Metaspace       used 52853K, capacity 54241K, committed 54320K, reserved 1095680K
  class space    used 6885K, capacity 7420K, committed 7472K, reserved 1048576K
}
Event: 31.234 GC heap after
{Heap after GC invocations=44 (full 0):
 garbage-first heap   total 58368K, used 32476K [0x0000000090e00000, 0x0000000100000000)
  region size 1024K, 2 young (2048K), 2 survivors (2048K)
 Metaspace       used 52853K, capacity 54241K, committed 54320K, reserved 1095680K
  class space    used 6885K, capacity 7420K, committed 7472K, reserved 1048576K
}
Event: 32.713 GC heap before
{Heap before GC invocations=44 (full 0):
 garbage-first heap   total 58368K, used 43740K [0x0000000090e00000, 0x0000000100000000)
  region size 1024K, 14 young (14336K), 2 survivors (2048K)
 Metaspace       used 55029K, capacity 56524K, committed 56752K, reserved 1097728K
  class space    used 7186K, capacity 7753K, committed 7856K, reserved 1048576K
}
Event: 32.715 GC heap after
{Heap after GC invocations=45 (full 0):
 garbage-first heap   total 58368K, used 32996K [0x0000000090e00000, 0x0000000100000000)
  region size 1024K, 2 young (2048K), 2 survivors (2048K)
 Metaspace       used 55029K, capacity 56524K, committed 56752K, reserved 1097728K
  class space    used 7186K, capacity 7753K, committed 7856K, reserved 1048576K
}

